<?xml version="1.0" encoding="UTF-8"?>
<testsuite xmlns:xsi="http://www.w3.org/2001/XMLSchema-instance" xsi:noNamespaceSchemaLocation="https://maven.apache.org/surefire/maven-surefire-plugin/xsd/surefire-test-report.xsd" name="TestSuiteGeral" time="587.281" tests="66" errors="1" skipped="0" failures="13">
  <properties>
    <property name="sun.desktop" value="windows"/>
    <property name="awt.toolkit" value="sun.awt.windows.WToolkit"/>
    <property name="java.specification.version" value="9"/>
    <property name="file.encoding.pkg" value="sun.io"/>
    <property name="sun.cpu.isalist" value="amd64"/>
    <property name="sun.jnu.encoding" value="Cp1252"/>
    <property name="java.class.path" value="C:\Users\Ruben\Desktop\projeto1\target\test-classes;C:\Users\Ruben\Desktop\projeto1\target\classes;C:\Users\Ruben\.m2\repository\org\seleniumhq\selenium\selenium-java\3.10.0\selenium-java-3.10.0.jar;C:\Users\Ruben\.m2\repository\org\seleniumhq\selenium\selenium-api\3.10.0\selenium-api-3.10.0.jar;C:\Users\Ruben\.m2\repository\org\seleniumhq\selenium\selenium-chrome-driver\3.10.0\selenium-chrome-driver-3.10.0.jar;C:\Users\Ruben\.m2\repository\org\seleniumhq\selenium\selenium-edge-driver\3.10.0\selenium-edge-driver-3.10.0.jar;C:\Users\Ruben\.m2\repository\org\seleniumhq\selenium\selenium-firefox-driver\3.10.0\selenium-firefox-driver-3.10.0.jar;C:\Users\Ruben\.m2\repository\org\seleniumhq\selenium\selenium-ie-driver\3.10.0\selenium-ie-driver-3.10.0.jar;C:\Users\Ruben\.m2\repository\org\seleniumhq\selenium\selenium-opera-driver\3.10.0\selenium-opera-driver-3.10.0.jar;C:\Users\Ruben\.m2\repository\org\seleniumhq\selenium\selenium-remote-driver\3.10.0\selenium-remote-driver-3.10.0.jar;C:\Users\Ruben\.m2\repository\org\seleniumhq\selenium\selenium-safari-driver\3.10.0\selenium-safari-driver-3.10.0.jar;C:\Users\Ruben\.m2\repository\org\seleniumhq\selenium\selenium-support\3.10.0\selenium-support-3.10.0.jar;C:\Users\Ruben\.m2\repository\net\bytebuddy\byte-buddy\1.7.9\byte-buddy-1.7.9.jar;C:\Users\Ruben\.m2\repository\org\apache\commons\commons-exec\1.3\commons-exec-1.3.jar;C:\Users\Ruben\.m2\repository\commons-codec\commons-codec\1.10\commons-codec-1.10.jar;C:\Users\Ruben\.m2\repository\commons-logging\commons-logging\1.2\commons-logging-1.2.jar;C:\Users\Ruben\.m2\repository\com\google\code\gson\gson\2.8.2\gson-2.8.2.jar;C:\Users\Ruben\.m2\repository\com\google\guava\guava\23.6-jre\guava-23.6-jre.jar;C:\Users\Ruben\.m2\repository\com\google\code\findbugs\jsr305\1.3.9\jsr305-1.3.9.jar;C:\Users\Ruben\.m2\repository\org\checkerframework\checker-compat-qual\2.0.0\checker-compat-qual-2.0.0.jar;C:\Users\Ruben\.m2\repository\com\google\errorprone\error_prone_annotations\2.1.3\error_prone_annotations-2.1.3.jar;C:\Users\Ruben\.m2\repository\com\google\j2objc\j2objc-annotations\1.1\j2objc-annotations-1.1.jar;C:\Users\Ruben\.m2\repository\org\codehaus\mojo\animal-sniffer-annotations\1.14\animal-sniffer-annotations-1.14.jar;C:\Users\Ruben\.m2\repository\org\apache\httpcomponents\httpclient\4.5.3\httpclient-4.5.3.jar;C:\Users\Ruben\.m2\repository\org\apache\httpcomponents\httpcore\4.4.6\httpcore-4.4.6.jar;C:\Users\Ruben\.m2\repository\com\squareup\okhttp3\okhttp\3.9.1\okhttp-3.9.1.jar;C:\Users\Ruben\.m2\repository\com\squareup\okio\okio\1.13.0\okio-1.13.0.jar;C:\Users\Ruben\.m2\repository\junit\junit\4.12\junit-4.12.jar;C:\Users\Ruben\.m2\repository\org\hamcrest\hamcrest-core\1.3\hamcrest-core-1.3.jar;C:\Users\Ruben\.m2\repository\ru\yandex\qatools\allure\allure-junit-adaptor\1.5.4\allure-junit-adaptor-1.5.4.jar;C:\Users\Ruben\.m2\repository\ru\yandex\qatools\allure\allure-java-aspects\1.5.4\allure-java-aspects-1.5.4.jar;C:\Users\Ruben\.m2\repository\ru\yandex\qatools\allure\allure-java-adaptor-api\1.5.4\allure-java-adaptor-api-1.5.4.jar;C:\Users\Ruben\.m2\repository\ru\yandex\qatools\allure\allure-java-annotations\1.5.4\allure-java-annotations-1.5.4.jar;C:\Users\Ruben\.m2\repository\ru\yandex\qatools\allure\allure-model\1.5.4\allure-model-1.5.4.jar;C:\Users\Ruben\.m2\repository\org\jvnet\jaxb2_commons\jaxb2-basics-runtime\0.9.3\jaxb2-basics-runtime-0.9.3.jar;C:\Users\Ruben\.m2\repository\ru\qatools\commons\properties\2.0.RC5\properties-2.0.RC5.jar;C:\Users\Ruben\.m2\repository\org\slf4j\slf4j-api\1.7.12\slf4j-api-1.7.12.jar;C:\Users\Ruben\.m2\repository\org\apache\tika\tika-core\1.7\tika-core-1.7.jar;C:\Users\Ruben\.m2\repository\org\aspectj\aspectjrt\1.8.3\aspectjrt-1.8.3.jar;C:\Users\Ruben\.m2\repository\com\codeborne\phantomjsdriver\1.4.0\phantomjsdriver-1.4.0.jar;C:\Users\Ruben\.m2\repository\org\seleniumhq\selenium\htmlunit-driver\2.27\htmlunit-driver-2.27.jar;C:\Users\Ruben\.m2\repository\net\sourceforge\htmlunit\htmlunit\2.27\htmlunit-2.27.jar;C:\Users\Ruben\.m2\repository\xalan\xalan\2.7.2\xalan-2.7.2.jar;C:\Users\Ruben\.m2\repository\xalan\serializer\2.7.2\serializer-2.7.2.jar;C:\Users\Ruben\.m2\repository\org\apache\commons\commons-lang3\3.5\commons-lang3-3.5.jar;C:\Users\Ruben\.m2\repository\org\apache\httpcomponents\httpmime\4.5.3\httpmime-4.5.3.jar;C:\Users\Ruben\.m2\repository\net\sourceforge\htmlunit\htmlunit-core-js\2.27\htmlunit-core-js-2.27.jar;C:\Users\Ruben\.m2\repository\net\sourceforge\htmlunit\neko-htmlunit\2.27\neko-htmlunit-2.27.jar;C:\Users\Ruben\.m2\repository\xerces\xercesImpl\2.11.0\xercesImpl-2.11.0.jar;C:\Users\Ruben\.m2\repository\xml-apis\xml-apis\1.4.01\xml-apis-1.4.01.jar;C:\Users\Ruben\.m2\repository\net\sourceforge\cssparser\cssparser\0.9.23\cssparser-0.9.23.jar;C:\Users\Ruben\.m2\repository\org\w3c\css\sac\1.3\sac-1.3.jar;C:\Users\Ruben\.m2\repository\commons-io\commons-io\2.5\commons-io-2.5.jar;C:\Users\Ruben\.m2\repository\org\eclipse\jetty\websocket\websocket-client\9.4.5.v20170502\websocket-client-9.4.5.v20170502.jar;C:\Users\Ruben\.m2\repository\org\eclipse\jetty\jetty-util\9.4.5.v20170502\jetty-util-9.4.5.v20170502.jar;C:\Users\Ruben\.m2\repository\org\eclipse\jetty\jetty-io\9.4.5.v20170502\jetty-io-9.4.5.v20170502.jar;C:\Users\Ruben\.m2\repository\org\eclipse\jetty\jetty-client\9.4.5.v20170502\jetty-client-9.4.5.v20170502.jar;C:\Users\Ruben\.m2\repository\org\eclipse\jetty\jetty-http\9.4.5.v20170502\jetty-http-9.4.5.v20170502.jar;C:\Users\Ruben\.m2\repository\org\eclipse\jetty\websocket\websocket-common\9.4.5.v20170502\websocket-common-9.4.5.v20170502.jar;C:\Users\Ruben\.m2\repository\org\eclipse\jetty\websocket\websocket-api\9.4.5.v20170502\websocket-api-9.4.5.v20170502.jar;"/>
    <property name="java.vm.vendor" value="Oracle Corporation"/>
    <property name="sun.arch.data.model" value="64"/>
    <property name="user.variant" value=""/>
    <property name="java.vendor.url" value="http://java.oracle.com/"/>
    <property name="user.timezone" value=""/>
    <property name="java.vm.specification.version" value="9"/>
    <property name="os.name" value="Windows 8.1"/>
    <property name="sun.java.launcher" value="SUN_STANDARD"/>
    <property name="user.country" value="PT"/>
    <property name="sun.boot.library.path" value="C:\Program Files\Java\jdk-9\bin"/>
    <property name="sun.java.command" value="C:\Users\Ruben\AppData\Local\Temp\surefire9815901338074480987\surefirebooter13430272208185702083.jar C:\Users\Ruben\AppData\Local\Temp\surefire9815901338074480987 2018-05-30T14-08-21_466-jvmRun1 surefire9552363396624461716tmp surefire_0941205263055940225tmp"/>
    <property name="jdk.debug" value="release"/>
    <property name="surefire.test.class.path" value="C:\Users\Ruben\Desktop\projeto1\target\test-classes;C:\Users\Ruben\Desktop\projeto1\target\classes;C:\Users\Ruben\.m2\repository\org\seleniumhq\selenium\selenium-java\3.10.0\selenium-java-3.10.0.jar;C:\Users\Ruben\.m2\repository\org\seleniumhq\selenium\selenium-api\3.10.0\selenium-api-3.10.0.jar;C:\Users\Ruben\.m2\repository\org\seleniumhq\selenium\selenium-chrome-driver\3.10.0\selenium-chrome-driver-3.10.0.jar;C:\Users\Ruben\.m2\repository\org\seleniumhq\selenium\selenium-edge-driver\3.10.0\selenium-edge-driver-3.10.0.jar;C:\Users\Ruben\.m2\repository\org\seleniumhq\selenium\selenium-firefox-driver\3.10.0\selenium-firefox-driver-3.10.0.jar;C:\Users\Ruben\.m2\repository\org\seleniumhq\selenium\selenium-ie-driver\3.10.0\selenium-ie-driver-3.10.0.jar;C:\Users\Ruben\.m2\repository\org\seleniumhq\selenium\selenium-opera-driver\3.10.0\selenium-opera-driver-3.10.0.jar;C:\Users\Ruben\.m2\repository\org\seleniumhq\selenium\selenium-remote-driver\3.10.0\selenium-remote-driver-3.10.0.jar;C:\Users\Ruben\.m2\repository\org\seleniumhq\selenium\selenium-safari-driver\3.10.0\selenium-safari-driver-3.10.0.jar;C:\Users\Ruben\.m2\repository\org\seleniumhq\selenium\selenium-support\3.10.0\selenium-support-3.10.0.jar;C:\Users\Ruben\.m2\repository\net\bytebuddy\byte-buddy\1.7.9\byte-buddy-1.7.9.jar;C:\Users\Ruben\.m2\repository\org\apache\commons\commons-exec\1.3\commons-exec-1.3.jar;C:\Users\Ruben\.m2\repository\commons-codec\commons-codec\1.10\commons-codec-1.10.jar;C:\Users\Ruben\.m2\repository\commons-logging\commons-logging\1.2\commons-logging-1.2.jar;C:\Users\Ruben\.m2\repository\com\google\code\gson\gson\2.8.2\gson-2.8.2.jar;C:\Users\Ruben\.m2\repository\com\google\guava\guava\23.6-jre\guava-23.6-jre.jar;C:\Users\Ruben\.m2\repository\com\google\code\findbugs\jsr305\1.3.9\jsr305-1.3.9.jar;C:\Users\Ruben\.m2\repository\org\checkerframework\checker-compat-qual\2.0.0\checker-compat-qual-2.0.0.jar;C:\Users\Ruben\.m2\repository\com\google\errorprone\error_prone_annotations\2.1.3\error_prone_annotations-2.1.3.jar;C:\Users\Ruben\.m2\repository\com\google\j2objc\j2objc-annotations\1.1\j2objc-annotations-1.1.jar;C:\Users\Ruben\.m2\repository\org\codehaus\mojo\animal-sniffer-annotations\1.14\animal-sniffer-annotations-1.14.jar;C:\Users\Ruben\.m2\repository\org\apache\httpcomponents\httpclient\4.5.3\httpclient-4.5.3.jar;C:\Users\Ruben\.m2\repository\org\apache\httpcomponents\httpcore\4.4.6\httpcore-4.4.6.jar;C:\Users\Ruben\.m2\repository\com\squareup\okhttp3\okhttp\3.9.1\okhttp-3.9.1.jar;C:\Users\Ruben\.m2\repository\com\squareup\okio\okio\1.13.0\okio-1.13.0.jar;C:\Users\Ruben\.m2\repository\junit\junit\4.12\junit-4.12.jar;C:\Users\Ruben\.m2\repository\org\hamcrest\hamcrest-core\1.3\hamcrest-core-1.3.jar;C:\Users\Ruben\.m2\repository\ru\yandex\qatools\allure\allure-junit-adaptor\1.5.4\allure-junit-adaptor-1.5.4.jar;C:\Users\Ruben\.m2\repository\ru\yandex\qatools\allure\allure-java-aspects\1.5.4\allure-java-aspects-1.5.4.jar;C:\Users\Ruben\.m2\repository\ru\yandex\qatools\allure\allure-java-adaptor-api\1.5.4\allure-java-adaptor-api-1.5.4.jar;C:\Users\Ruben\.m2\repository\ru\yandex\qatools\allure\allure-java-annotations\1.5.4\allure-java-annotations-1.5.4.jar;C:\Users\Ruben\.m2\repository\ru\yandex\qatools\allure\allure-model\1.5.4\allure-model-1.5.4.jar;C:\Users\Ruben\.m2\repository\org\jvnet\jaxb2_commons\jaxb2-basics-runtime\0.9.3\jaxb2-basics-runtime-0.9.3.jar;C:\Users\Ruben\.m2\repository\ru\qatools\commons\properties\2.0.RC5\properties-2.0.RC5.jar;C:\Users\Ruben\.m2\repository\org\slf4j\slf4j-api\1.7.12\slf4j-api-1.7.12.jar;C:\Users\Ruben\.m2\repository\org\apache\tika\tika-core\1.7\tika-core-1.7.jar;C:\Users\Ruben\.m2\repository\org\aspectj\aspectjrt\1.8.3\aspectjrt-1.8.3.jar;C:\Users\Ruben\.m2\repository\com\codeborne\phantomjsdriver\1.4.0\phantomjsdriver-1.4.0.jar;C:\Users\Ruben\.m2\repository\org\seleniumhq\selenium\htmlunit-driver\2.27\htmlunit-driver-2.27.jar;C:\Users\Ruben\.m2\repository\net\sourceforge\htmlunit\htmlunit\2.27\htmlunit-2.27.jar;C:\Users\Ruben\.m2\repository\xalan\xalan\2.7.2\xalan-2.7.2.jar;C:\Users\Ruben\.m2\repository\xalan\serializer\2.7.2\serializer-2.7.2.jar;C:\Users\Ruben\.m2\repository\org\apache\commons\commons-lang3\3.5\commons-lang3-3.5.jar;C:\Users\Ruben\.m2\repository\org\apache\httpcomponents\httpmime\4.5.3\httpmime-4.5.3.jar;C:\Users\Ruben\.m2\repository\net\sourceforge\htmlunit\htmlunit-core-js\2.27\htmlunit-core-js-2.27.jar;C:\Users\Ruben\.m2\repository\net\sourceforge\htmlunit\neko-htmlunit\2.27\neko-htmlunit-2.27.jar;C:\Users\Ruben\.m2\repository\xerces\xercesImpl\2.11.0\xercesImpl-2.11.0.jar;C:\Users\Ruben\.m2\repository\xml-apis\xml-apis\1.4.01\xml-apis-1.4.01.jar;C:\Users\Ruben\.m2\repository\net\sourceforge\cssparser\cssparser\0.9.23\cssparser-0.9.23.jar;C:\Users\Ruben\.m2\repository\org\w3c\css\sac\1.3\sac-1.3.jar;C:\Users\Ruben\.m2\repository\commons-io\commons-io\2.5\commons-io-2.5.jar;C:\Users\Ruben\.m2\repository\org\eclipse\jetty\websocket\websocket-client\9.4.5.v20170502\websocket-client-9.4.5.v20170502.jar;C:\Users\Ruben\.m2\repository\org\eclipse\jetty\jetty-util\9.4.5.v20170502\jetty-util-9.4.5.v20170502.jar;C:\Users\Ruben\.m2\repository\org\eclipse\jetty\jetty-io\9.4.5.v20170502\jetty-io-9.4.5.v20170502.jar;C:\Users\Ruben\.m2\repository\org\eclipse\jetty\jetty-client\9.4.5.v20170502\jetty-client-9.4.5.v20170502.jar;C:\Users\Ruben\.m2\repository\org\eclipse\jetty\jetty-http\9.4.5.v20170502\jetty-http-9.4.5.v20170502.jar;C:\Users\Ruben\.m2\repository\org\eclipse\jetty\websocket\websocket-common\9.4.5.v20170502\websocket-common-9.4.5.v20170502.jar;C:\Users\Ruben\.m2\repository\org\eclipse\jetty\websocket\websocket-api\9.4.5.v20170502\websocket-api-9.4.5.v20170502.jar;"/>
    <property name="test" value="TestSuiteGeral"/>
    <property name="sun.cpu.endian" value="little"/>
    <property name="user.home" value="C:\Users\Ruben"/>
    <property name="user.language" value="pt"/>
    <property name="java.specification.vendor" value="Oracle Corporation"/>
    <property name="java.home" value="C:\Program Files\Java\jdk-9"/>
    <property name="file.separator" value="\"/>
    <property name="basedir" value="C:\Users\Ruben\Desktop\projeto1"/>
    <property name="java.vm.compressedOopsMode" value="32-bit"/>
    <property name="line.separator" value="&#10;"/>
    <property name="java.vm.specification.vendor" value="Oracle Corporation"/>
    <property name="java.specification.name" value="Java Platform API Specification"/>
    <property name="java.awt.graphicsenv" value="sun.awt.Win32GraphicsEnvironment"/>
    <property name="surefire.real.class.path" value="C:\Users\Ruben\AppData\Local\Temp\surefire9815901338074480987\surefirebooter13430272208185702083.jar"/>
    <property name="user.script" value=""/>
    <property name="sun.management.compiler" value="HotSpot 64-Bit Tiered Compilers"/>
    <property name="java.runtime.version" value="9+181"/>
    <property name="user.name" value="Ruben"/>
    <property name="path.separator" value=";"/>
    <property name="os.version" value="6.3"/>
    <property name="java.runtime.name" value="Java(TM) SE Runtime Environment"/>
    <property name="file.encoding" value="Cp1252"/>
    <property name="java.vm.name" value="Java HotSpot(TM) 64-Bit Server VM"/>
    <property name="localRepository" value="C:\Users\Ruben\.m2\repository"/>
    <property name="java.vendor.url.bug" value="http://bugreport.java.com/bugreport/"/>
    <property name="java.io.tmpdir" value="C:\Users\Ruben\AppData\Local\Temp\"/>
    <property name="idea.version" value="2017.3.5"/>
    <property name="java.version" value="9"/>
    <property name="user.dir" value="C:\Users\Ruben\Desktop\projeto1"/>
    <property name="os.arch" value="amd64"/>
    <property name="java.vm.specification.name" value="Java Virtual Machine Specification"/>
    <property name="java.awt.printerjob" value="sun.awt.windows.WPrinterJob"/>
    <property name="sun.os.patch.level" value=""/>
    <property name="java.library.path" value="C:\Program Files\Java\jdk-9\bin;C:\Windows\Sun\Java\bin;C:\Windows\system32;C:\Windows;C:\ProgramData\Oracle\Java\javapath;C:\Windows\system32;C:\Windows;C:\Windows\System32\Wbem;C:\Windows\System32\WindowsPowerShell\v1.0\;C:\Program Files\Git\cmd;C:\HashiCorp\Vagrant\bin;C:\Users\Ruben\AppData\Local\GitHubDesktop\bin;C:\Users\Ruben\Downloads\apache-maven-3.5.3-bin\apache-maven-3.5.3\bin;."/>
    <property name="java.vm.info" value="mixed mode"/>
    <property name="java.vendor" value="Oracle Corporation"/>
    <property name="java.vm.version" value="9+181"/>
    <property name="sun.io.unicode.encoding" value="UnicodeLittle"/>
    <property name="java.class.version" value="53.0"/>
  </properties>
  <testcase name="testTestCaseLogin0" classname="testCaseLogin0" time="7.517"/>
  <testcase name="testVaiParaLogin" classname="testCaseLogin1" time="5.011"/>
  <testcase name="testELogin" classname="testCaseLogin2" time="5.83"/>
  <testcase name="testTestCaseLogin4" classname="testCaseLogin4" time="5.061"/>
  <testcase name="testTestCaseLogin5" classname="testCaseLogin5" time="5.659"/>
  <testcase name="testTestCaseLogin5" classname="testCaseLogin5" time="5.596"/>
  <testcase name="testTestCaseLogin5" classname="testCaseLogin5" time="5.978"/>
  <testcase name="testTestCaseLogin5" classname="testCaseLogin5" time="5.477"/>
  <testcase name="testTestCaseLogin5" classname="testCaseLogin5" time="5.967"/>
  <testcase name="testTestCaseLogin5" classname="testCaseLogin5" time="5.451">
    <failure message="junit.framework.ComparisonFailure: expected:&lt;[Não existem registos com as credenciais fornecida]s.&gt; but was:&lt;[Demasiadas Tentativas de Inicio de Sessão. Por favor tente novamente em 31 segundo]s.&gt;" type="junit.framework.AssertionFailedError"><![CDATA[junit.framework.AssertionFailedError: junit.framework.ComparisonFailure: expected:<[Não existem registos com as credenciais fornecida]s.> but was:<[Demasiadas Tentativas de Inicio de Sessão. Por favor tente novamente em 31 segundo]s.>
	at testCaseLogin5.tearDown(testCaseLogin5.java:56)
]]></failure>
    <system-err><![CDATA[Starting ChromeDriver 2.36.540470 (e522d04694c7ebea4ba8821272dbef4f9b818c91) on port 1182
Only local connections are allowed.
]]></system-err>
  </testcase>
  <testcase name="testTestCaseLogin5" classname="testCaseLogin5" time="5.493">
    <failure message="junit.framework.ComparisonFailure: expected:&lt;[Não existem registos com as credenciais fornecida]s.&gt; but was:&lt;[Demasiadas Tentativas de Inicio de Sessão. Por favor tente novamente em 26 segundo]s.&gt;" type="junit.framework.AssertionFailedError"><![CDATA[junit.framework.AssertionFailedError: junit.framework.ComparisonFailure: expected:<[Não existem registos com as credenciais fornecida]s.> but was:<[Demasiadas Tentativas de Inicio de Sessão. Por favor tente novamente em 26 segundo]s.>
	at testCaseLogin5.tearDown(testCaseLogin5.java:56)
]]></failure>
    <system-err><![CDATA[Starting ChromeDriver 2.36.540470 (e522d04694c7ebea4ba8821272dbef4f9b818c91) on port 21973
Only local connections are allowed.
]]></system-err>
  </testcase>
  <testcase name="testTestCaseLogin5" classname="testCaseLogin5" time="5.436">
    <failure message="junit.framework.ComparisonFailure: expected:&lt;[Não existem registos com as credenciais fornecida]s.&gt; but was:&lt;[Demasiadas Tentativas de Inicio de Sessão. Por favor tente novamente em 20 segundo]s.&gt;" type="junit.framework.AssertionFailedError"><![CDATA[junit.framework.AssertionFailedError: junit.framework.ComparisonFailure: expected:<[Não existem registos com as credenciais fornecida]s.> but was:<[Demasiadas Tentativas de Inicio de Sessão. Por favor tente novamente em 20 segundo]s.>
	at testCaseLogin5.tearDown(testCaseLogin5.java:56)
]]></failure>
    <system-err><![CDATA[Starting ChromeDriver 2.36.540470 (e522d04694c7ebea4ba8821272dbef4f9b818c91) on port 29133
Only local connections are allowed.
]]></system-err>
  </testcase>
  <testcase name="testTestCaseLogin5" classname="testCaseLogin5" time="5.466">
    <failure message="junit.framework.ComparisonFailure: expected:&lt;[Não existem registos com as credenciais fornecida]s.&gt; but was:&lt;[Demasiadas Tentativas de Inicio de Sessão. Por favor tente novamente em 15 segundo]s.&gt;" type="junit.framework.AssertionFailedError"><![CDATA[junit.framework.AssertionFailedError: junit.framework.ComparisonFailure: expected:<[Não existem registos com as credenciais fornecida]s.> but was:<[Demasiadas Tentativas de Inicio de Sessão. Por favor tente novamente em 15 segundo]s.>
	at testCaseLogin5.tearDown(testCaseLogin5.java:56)
]]></failure>
    <system-err><![CDATA[Starting ChromeDriver 2.36.540470 (e522d04694c7ebea4ba8821272dbef4f9b818c91) on port 37142
Only local connections are allowed.
]]></system-err>
  </testcase>
  <testcase name="testTestCaseFuncAdmin0" classname="testCaseAdmin0" time="6.163"/>
  <testcase name="testTestCaseFuncAdmin0" classname="testCaseAdmin0" time="6.412"/>
  <testcase name="testT" classname="testCaseOrtografia0" time="3.785">
    <failure message="expected:&lt;Bem Vindo à []TeenPower!&gt; but was:&lt;Bem Vindo à [ao ]TeenPower!&gt;" type="junit.framework.ComparisonFailure"><![CDATA[junit.framework.ComparisonFailure: expected:<Bem Vindo à []TeenPower!> but was:<Bem Vindo à [ao ]TeenPower!>
	at testCaseOrtografia0.testT(testCaseOrtografia0.java:39)
]]></failure>
    <system-err><![CDATA[Starting ChromeDriver 2.36.540470 (e522d04694c7ebea4ba8821272dbef4f9b818c91) on port 20555
Only local connections are allowed.
]]></system-err>
  </testcase>
  <testcase name="testE" classname="testCaseLogout0" time="6.087"/>
  <testcase name="testTestCaseLogout2" classname="testCaseLogout2" time="7.295"/>
  <testcase name="testTestCaseLogout3" classname="testCaseLogout3" time="6.564"/>
  <testcase name="testTestCaseRememerPassword1" classname="testCaseRememberPassword1" time="3.705"/>
  <testcase name="testTestCaseRememberPassword2" classname="testCaseRememberPassword2" time="5.086">
    <failure message="junit.framework.AssertionFailedError: Se estou a tentar recuperar conta e não preencho o campo email , devo receber uma mensagem a dizer que esse campo é obrigatorio.Este campo deve ser apresentado em Português" type="junit.framework.AssertionFailedError">junit.framework.AssertionFailedError: junit.framework.AssertionFailedError: Se estou a tentar recuperar conta e não preencho o campo email , devo receber uma mensagem a dizer que esse campo é obrigatorio.Este campo deve ser apresentado em Português
	at testCaseRememberPassword2.tearDown(testCaseRememberPassword2.java:53)
</failure>
    <system-err><![CDATA[Starting ChromeDriver 2.36.540470 (e522d04694c7ebea4ba8821272dbef4f9b818c91) on port 20915
Only local connections are allowed.
]]></system-err>
  </testcase>
  <testcase name="testTestCaseRememberPassword3" classname="testCaseRememberPassword3" time="5.232"/>
  <testcase name="testTestCaseRememberPassword4" classname="testCaseRememberPassword4" time="6.399"/>
  <testcase name="testTestCaseRememerPassword5" classname="testCaseRememberPassword5" time="4.969"/>
  <testcase name="testTestCaseRememerPassword6" classname="testCaseRememberPassword6" time="4.859"/>
  <testcase name="testTestCaseProfissionalSaude1" classname="TestCaseProfissionalSaude1" time="6.248"/>
  <testcase name="testTestCaseProfissionalSaude2" classname="testCaseProfissionalSaude2" time="5.452"/>
  <testcase name="testTestCaseProfissionalSaude3" classname="testCaseProfissionalSaude3" time="5.983">
    <failure message="junit.framework.AssertionFailedError: Dado que iniciei conta como prof. de sáude e estou na Área de Gestão de Adolescentes quando clico no botão &apos;Importar Adolescentes&apos; então é suposto estar na página Importação de Utilizadores" type="junit.framework.AssertionFailedError">junit.framework.AssertionFailedError: junit.framework.AssertionFailedError: Dado que iniciei conta como prof. de sáude e estou na Área de Gestão de Adolescentes quando clico no botão 'Importar Adolescentes' então é suposto estar na página Importação de Utilizadores
	at testCaseProfissionalSaude3.tearDown(testCaseProfissionalSaude3.java:65)
</failure>
    <system-err><![CDATA[Starting ChromeDriver 2.36.540470 (e522d04694c7ebea4ba8821272dbef4f9b818c91) on port 18213
Only local connections are allowed.
]]></system-err>
  </testcase>
  <testcase name="testTestCaseProfissionalSaude4" classname="testCaseProfissionalSaude4" time="6.012"/>
  <testcase name="testTestCaseProfissionalSaude5" classname="testCaseProfissionalSaude5" time="16.794"/>
  <testcase name="testTestCaseProfissionalSaude6" classname="testCaseProfissionalSaude6" time="5.582"/>
  <testcase name="testTestCaseProfissionalSaude7" classname="testCaseProfissionalSaude7" time="9.948"/>
  <testcase name="testTestCaseProfissionalSaude8" classname="testCaseProfissionalSaude8" time="6.303"/>
  <testcase name="testTestCaseProfissionalSaude9" classname="testCaseProfissionalSaude9" time="9.295"/>
  <testcase name="testTestCaseProfissionalSaude10" classname="testCaseProfissionalSaude10" time="6.569"/>
  <testcase name="testTestCaseProfissionalSaude11" classname="testCaseProfissionalSaude11" time="10.232"/>
  <testcase name="testTestCaseProfissionalSaude12" classname="testCaseProfissionalSaude12" time="11.569">
    <failure message="junit.framework.AssertionFailedError: Dado que iniciei conta com prof. de saude e estou na página da Lista de Adolescentes quando clico no botão &apos;Eliminar&apos; de um utilizador deveria aparecer a seguinte mensagem: Tem a certeza que pretende eliminar o utilizador &apos;NOME DO UTILIZADOR&apos;?" type="junit.framework.AssertionFailedError">junit.framework.AssertionFailedError: junit.framework.AssertionFailedError: Dado que iniciei conta com prof. de saude e estou na página da Lista de Adolescentes quando clico no botão 'Eliminar' de um utilizador deveria aparecer a seguinte mensagem: Tem a certeza que pretende eliminar o utilizador 'NOME DO UTILIZADOR'?
	at testCaseProfissionalSaude12.tearDown(testCaseProfissionalSaude12.java:112)
</failure>
    <system-err><![CDATA[Starting ChromeDriver 2.36.540470 (e522d04694c7ebea4ba8821272dbef4f9b818c91) on port 39882
Only local connections are allowed.
]]></system-err>
  </testcase>
  <testcase name="testTestCaseProfissionalSaude13" classname="testCaseProfissionalSaude13" time="9.173"/>
  <testcase name="testTestCaseProfissionalSaude14" classname="testCaseProfissionalSaude14" time="9.175"/>
  <testcase name="testTestCaseProfissionalSaude15" classname="testCaseProfissionalSaude15" time="6.418">
    <failure message="junit.framework.AssertionFailedError: Deveria existir um botão &apos;Voltar atrás&apos;" type="junit.framework.AssertionFailedError">junit.framework.AssertionFailedError: junit.framework.AssertionFailedError: Deveria existir um botão 'Voltar atrás'
	at testCaseProfissionalSaude15.tearDown(testCaseProfissionalSaude15.java:59)
</failure>
    <system-err><![CDATA[Starting ChromeDriver 2.36.540470 (e522d04694c7ebea4ba8821272dbef4f9b818c91) on port 37532
Only local connections are allowed.
]]></system-err>
  </testcase>
  <testcase name="testTestCaseProfissionalSaude16" classname="testCaseProfissionalSaude16" time="12.4"/>
  <testcase name="testTestCaseProfissionalSaude17" classname="testCaseProfissionalSaude17" time="15.867"/>
  <testcase name="testTestCaseProfissionalSaude18" classname="testCaseProfissionalSaude18" time="13.422"/>
  <testcase name="testTestCaseProfissionalSaude19" classname="testCaseProfissionalSaude19" time="12.014">
    <failure message="junit.framework.AssertionFailedError: Após efetuar uma edição de perfil e submete-la com sucesso deveria ser apresentada uma mensagem de sucesso" type="junit.framework.AssertionFailedError">junit.framework.AssertionFailedError: junit.framework.AssertionFailedError: Após efetuar uma edição de perfil e submete-la com sucesso deveria ser apresentada uma mensagem de sucesso
	at testCaseProfissionalSaude19.tearDown(testCaseProfissionalSaude19.java:109)
</failure>
    <system-err><![CDATA[Starting ChromeDriver 2.36.540470 (e522d04694c7ebea4ba8821272dbef4f9b818c91) on port 30286
Only local connections are allowed.
]]></system-err>
  </testcase>
  <testcase name="testTestCaseProfissionalSaude20" classname="testCaseProfissionalSaude20" time="9.078"/>
  <testcase name="testTestCaseProfissionalSaude22" classname="testCaseProfissionalSaude22" time="9.482">
    <error type="java.lang.NullPointerException">java.lang.NullPointerException
	at testCaseProfissionalSaude22.testTestCaseProfissionalSaude22(testCaseProfissionalSaude22.java:91)
</error>
    <system-err><![CDATA[Starting ChromeDriver 2.36.540470 (e522d04694c7ebea4ba8821272dbef4f9b818c91) on port 10912
Only local connections are allowed.
]]></system-err>
  </testcase>
  <testcase name="testTestCaseProfissionalSaude23" classname="testCaseProfissionalSaude23" time="8.878"/>
  <testcase name="testTestCaseProfissionalSaude24" classname="testCaseProfissionalSaude24" time="12.897"/>
  <testcase name="testTestCaseProfissionalSaude25" classname="testCaseProfissionalSaude25" time="12.66"/>
  <testcase name="testTestCaseProfissionalSaude26" classname="testCaseProfissionalSaude26" time="13.406"/>
  <testcase name="testTestCaseProfissionalSaude27" classname="testCaseProfissionalSaude27" time="12.838"/>
  <testcase name="testTestCaseProfissionalSaude28" classname="testCaseProfissionalSaude28" time="13.147"/>
  <testcase name="testTestCaseProfissionalSaude29" classname="testCaseProfissionalSaude29" time="12.967"/>
  <testcase name="testCaseAdmin1" classname="testCaseAdmin1" time="6.556"/>
  <testcase name="testTestCaseAdmin2" classname="testCaseAdmin2" time="13.678"/>
  <testcase name="testTestCaseAdmin3" classname="testCaseAdmin3" time="8.816">
    <failure message="junit.framework.AssertionFailedError: Dado que iniciei conta como Administrador quando clico no botão &apos;Criar Novo Utilizador&apos; e crio um utilizador então é suposto receber uma mensagem em como o utilizador foi criado com sucesso.)" type="junit.framework.AssertionFailedError">junit.framework.AssertionFailedError: junit.framework.AssertionFailedError: Dado que iniciei conta como Administrador quando clico no botão 'Criar Novo Utilizador' e crio um utilizador então é suposto receber uma mensagem em como o utilizador foi criado com sucesso.)
	at testCaseAdmin3.tearDown(testCaseAdmin3.java:95)
</failure>
    <system-err><![CDATA[Starting ChromeDriver 2.36.540470 (e522d04694c7ebea4ba8821272dbef4f9b818c91) on port 11767
Only local connections are allowed.
]]></system-err>
  </testcase>
  <testcase name="testCaseAdmin4" classname="testCaseAdmin4" time="13.498"/>
  <testcase name="testAdmin5" classname="testCaseAdmin5" time="10.754"/>
  <testcase name="testAdmin6" classname="testCaseAdmin6" time="10.859"/>
  <testcase name="testAdmin7" classname="testCaseAdmin7" time="11.6"/>
  <testcase name="testTestCaseAdmin8" classname="testCaseAdmin8" time="12.31"/>
  <testcase name="testAdmin11" classname="testCaseAdmin11" time="13.891"/>
  <testcase name="testAdmin12" classname="testCaseAdmin12" time="16.343">
    <failure message="junit.framework.AssertionFailedError: Dado que a categoria foi apagada então as dicussões nela presentes também deveriam ser apagadas" type="junit.framework.AssertionFailedError">junit.framework.AssertionFailedError: junit.framework.AssertionFailedError: Dado que a categoria foi apagada então as dicussões nela presentes também deveriam ser apagadas
	at testCaseAdmin12.tearDown(testCaseAdmin12.java:105)
</failure>
    <system-err><![CDATA[Starting ChromeDriver 2.36.540470 (e522d04694c7ebea4ba8821272dbef4f9b818c91) on port 25390
Only local connections are allowed.
]]></system-err>
  </testcase>
  <testcase name="testTestCaseAdmin13" classname="TestCaseAdmin13" time="13.146"/>
  <testcase name="testTestCaseAdmin14" classname="TestCaseAdmin14" time="14.954"/>
  <testcase name="testCaseAdmin15" classname="TestCaseAdmin15" time="16.248">
    <failure message="junit.framework.AssertionFailedError: Ao tentar apagar uma sub-categoria esta não foi eliminada com sucesso" type="junit.framework.AssertionFailedError">junit.framework.AssertionFailedError: junit.framework.AssertionFailedError: Ao tentar apagar uma sub-categoria esta não foi eliminada com sucesso
	at TestCaseAdmin15.tearDown(TestCaseAdmin15.java:89)
</failure>
    <system-err><![CDATA[Starting ChromeDriver 2.36.540470 (e522d04694c7ebea4ba8821272dbef4f9b818c91) on port 41859
Only local connections are allowed.
]]></system-err>
  </testcase>
</testsuite>